<?xml version="1.0" encoding="UTF-8"?>
<!-- Generated by org.testng.reporters.JUnitReportReporter -->
<testsuite hostname="DESKTOP-4SFDEUC" failures="0" tests="1" name="NACTET.Wap" time="13.164" errors="0" timestamp="2023-07-31T11:36:28 IST" skipped="0">
  <testcase classname="NACTET.Wap" name="testing" time="13.164"/>
  <system-out/>
</testsuite> <!-- NACTET.Wap -->
