<?xml version="1.0" encoding="UTF-8"?>
<!-- Generated by org.testng.reporters.JUnitReportReporter -->
<testsuite hostname="DESKTOP-4SFDEUC" failures="0" tests="1" name="Test.AdoreByPriyankaTest" time="9.861" errors="0" timestamp="2023-07-08T12:37:43 IST" skipped="0">
  <testcase classname="Test.AdoreByPriyankaTest" name="test" time="9.861"/>
  <system-out/>
</testsuite> <!-- Test.AdoreByPriyankaTest -->
