<?xml version="1.0" encoding="UTF-8"?>
<!-- Generated by org.testng.reporters.JUnitReportReporter -->
<testsuite hostname="DESKTOP-4SFDEUC" failures="0" tests="1" name="Test.Test1" time="50.008" errors="0" timestamp="2023-07-06T09:28:03 IST" skipped="0">
  <testcase classname="Test.Test1" name="test" time="50.008"/>
  <system-out/>
</testsuite> <!-- Test.Test1 -->
